D:\users\wingo\teaching\AssemblyLanguage\assignments\asm_hw03_201509_OpenGL\C_ASM\Release\asm.obj
D:\USERS\WINGO\TEACHING\ASSEMBLYLANGUAGE\ASSIGNMENTS\ASM_HW03_201509_OPENGL\C_ASM\RELEASE\C_ASM.EXE.INTERMEDIATE.MANIFEST
D:\USERS\WINGO\TEACHING\ASSEMBLYLANGUAGE\ASSIGNMENTS\ASM_HW03_201509_OPENGL\C_ASM\RELEASE\IMAGE.OBJ
D:\USERS\WINGO\TEACHING\ASSEMBLYLANGUAGE\ASSIGNMENTS\ASM_HW03_201509_OPENGL\C_ASM\RELEASE\MAIN.OBJ
D:\USERS\WINGO\TEACHING\ASSEMBLYLANGUAGE\ASSIGNMENTS\ASM_HW03_201509_OPENGL\C_ASM\RELEASE\OPENGL_STUFF .OBJ
D:\USERS\WINGO\TEACHING\ASSEMBLYLANGUAGE\ASSIGNMENTS\ASM_HW03_201509_OPENGL\C_ASM\RELEASE\PARTICLE_SYSTEM.OBJ
D:\USERS\WINGO\TEACHING\ASSEMBLYLANGUAGE\ASSIGNMENTS\ASM_HW03_201509_OPENGL\C_ASM\RELEASE\SHAPE.OBJ
D:\USERS\WINGO\TEACHING\ASSEMBLYLANGUAGE\ASSIGNMENTS\ASM_HW03_201509_OPENGL\C_ASM\RELEASE\VC100.PDB
D:\USERS\WINGO\TEACHING\ASSEMBLYLANGUAGE\ASSIGNMENTS\ASM_HW03_201509_OPENGL\RELEASE\C_ASM.EXE
D:\USERS\WINGO\TEACHING\ASSEMBLYLANGUAGE\ASSIGNMENTS\ASM_HW03_201509_OPENGL\RELEASE\C_ASM.PDB
D:\users\wingo\teaching\AssemblyLanguage\assignments\asm_hw03_201509_OpenGL_template\C_ASM\Release\asm.obj
D:\USERS\WINGO\TEACHING\ASSEMBLYLANGUAGE\ASSIGNMENTS\ASM_HW03_201509_OPENGL_TEMPLATE\C_ASM\RELEASE\C_ASM.EXE.INTERMEDIATE.MANIFEST
D:\users\wingo\teaching\AssemblyLanguage\assignments\asm_hw03_201509_OpenGL_template\C_ASM\Release\C_ASM.vcxprojResolveAssemblyReference.cache
D:\users\wingo\teaching\AssemblyLanguage\assignments\asm_hw03_201509_OpenGL_template\C_ASM\Release\C_ASM.write.1.tlog
D:\users\wingo\teaching\AssemblyLanguage\assignments\asm_hw03_201509_OpenGL_template\C_ASM\Release\cl.command.1.tlog
D:\users\wingo\teaching\AssemblyLanguage\assignments\asm_hw03_201509_OpenGL_template\C_ASM\Release\CL.read.1.tlog
D:\users\wingo\teaching\AssemblyLanguage\assignments\asm_hw03_201509_OpenGL_template\C_ASM\Release\CL.write.1.tlog
D:\USERS\WINGO\TEACHING\ASSEMBLYLANGUAGE\ASSIGNMENTS\ASM_HW03_201509_OPENGL_TEMPLATE\C_ASM\RELEASE\IMAGE.OBJ
D:\users\wingo\teaching\AssemblyLanguage\assignments\asm_hw03_201509_OpenGL_template\C_ASM\Release\link.command.1.tlog
D:\users\wingo\teaching\AssemblyLanguage\assignments\asm_hw03_201509_OpenGL_template\C_ASM\Release\link.read.1.tlog
D:\users\wingo\teaching\AssemblyLanguage\assignments\asm_hw03_201509_OpenGL_template\C_ASM\Release\link.write.1.tlog
D:\USERS\WINGO\TEACHING\ASSEMBLYLANGUAGE\ASSIGNMENTS\ASM_HW03_201509_OPENGL_TEMPLATE\C_ASM\RELEASE\MAIN.OBJ
D:\users\wingo\teaching\AssemblyLanguage\assignments\asm_hw03_201509_OpenGL_template\C_ASM\Release\mt.command.1.tlog
D:\users\wingo\teaching\AssemblyLanguage\assignments\asm_hw03_201509_OpenGL_template\C_ASM\Release\mt.read.1.tlog
D:\users\wingo\teaching\AssemblyLanguage\assignments\asm_hw03_201509_OpenGL_template\C_ASM\Release\mt.write.1.tlog
D:\USERS\WINGO\TEACHING\ASSEMBLYLANGUAGE\ASSIGNMENTS\ASM_HW03_201509_OPENGL_TEMPLATE\C_ASM\RELEASE\OPENGL_STUFF .OBJ
D:\USERS\WINGO\TEACHING\ASSEMBLYLANGUAGE\ASSIGNMENTS\ASM_HW03_201509_OPENGL_TEMPLATE\C_ASM\RELEASE\PARTICLE_SYSTEM.OBJ
D:\USERS\WINGO\TEACHING\ASSEMBLYLANGUAGE\ASSIGNMENTS\ASM_HW03_201509_OPENGL_TEMPLATE\C_ASM\RELEASE\SHAPE.OBJ
D:\USERS\WINGO\TEACHING\ASSEMBLYLANGUAGE\ASSIGNMENTS\ASM_HW03_201509_OPENGL_TEMPLATE\C_ASM\RELEASE\VC100.PDB
D:\USERS\WINGO\TEACHING\ASSEMBLYLANGUAGE\ASSIGNMENTS\ASM_HW03_201509_OPENGL_TEMPLATE\RELEASE\C_ASM.EXE
D:\USERS\WINGO\TEACHING\ASSEMBLYLANGUAGE\ASSIGNMENTS\ASM_HW03_201509_OPENGL_TEMPLATE\RELEASE\C_ASM.PDB
